0 info it worked if it ends with ok
1 verbose cli [ '/Users/jphelps/.nvm/versions/node/v6.3.1/bin/node',
1 verbose cli   '/Users/jphelps/.nvm/versions/node/v6.3.1/bin/npm',
1 verbose cli   'publish',
1 verbose cli   '--access',
1 verbose cli   'public' ]
2 info using npm@4.0.3
3 info using node@v6.3.1
4 verbose publish [ '.' ]
5 silly cache add args [ '.', null ]
6 verbose cache add spec .
7 silly cache add parsed spec Result {
7 silly cache add   raw: '.',
7 silly cache add   scope: null,
7 silly cache add   escapedName: null,
7 silly cache add   name: null,
7 silly cache add   rawSpec: '.',
7 silly cache add   spec: '/Users/jphelps/Projects/jayphelps/svg-pan-zoom',
7 silly cache add   type: 'directory' }
8 verbose addLocalDirectory /Users/jphelps/.npm/svg-pan-zoom/3.4.1-beta.1/package.tgz not in flight; packing
9 verbose correctMkdir /Users/jphelps/.npm correctMkdir not in flight; initializing
10 info lifecycle svg-pan-zoom@3.4.1-beta.1~prepublish: svg-pan-zoom@3.4.1-beta.1
11 silly lifecycle svg-pan-zoom@3.4.1-beta.1~prepublish: no script for prepublish, continuing
12 info lifecycle svg-pan-zoom@3.4.1-beta.1~prepare: svg-pan-zoom@3.4.1-beta.1
13 silly lifecycle svg-pan-zoom@3.4.1-beta.1~prepare: no script for prepare, continuing
14 verbose tar pack [ '/Users/jphelps/.npm/svg-pan-zoom/3.4.1-beta.1/package.tgz',
14 verbose tar pack   '/Users/jphelps/Projects/jayphelps/svg-pan-zoom' ]
15 verbose tarball /Users/jphelps/.npm/svg-pan-zoom/3.4.1-beta.1/package.tgz
16 verbose folder /Users/jphelps/Projects/jayphelps/svg-pan-zoom
17 verbose addLocalTarball adding from inside cache /Users/jphelps/.npm/svg-pan-zoom/3.4.1-beta.1/package.tgz
18 verbose correctMkdir /Users/jphelps/.npm correctMkdir not in flight; initializing
19 silly cache afterAdd svg-pan-zoom@3.4.1-beta.1
20 verbose afterAdd /Users/jphelps/.npm/svg-pan-zoom/3.4.1-beta.1/package/package.json not in flight; writing
21 verbose correctMkdir /Users/jphelps/.npm correctMkdir not in flight; initializing
22 verbose afterAdd /Users/jphelps/.npm/svg-pan-zoom/3.4.1-beta.1/package/package.json written
23 silly publish { name: 'svg-pan-zoom',
23 silly publish   version: '3.4.1-beta.1',
23 silly publish   main: 'dist/svg-pan-zoom.js',
23 silly publish   types: 'dist/svg-pan-zoom.d.ts',
23 silly publish   browser: 'src/browserify.js',
23 silly publish   license: 'BSD-2-Clause',
23 silly publish   description: 'JavaScript library for panning and zooming an SVG image from the mouse, touches and programmatically.',
23 silly publish   scripts: { start: 'gulp', test: 'gulp test', build: 'gulp build' },
23 silly publish   repository:
23 silly publish    { type: 'git',
23 silly publish      url: 'git+https://github.com/ariutta/svg-pan-zoom.git' },
23 silly publish   bugs: { url: 'https://github.com/ariutta/svg-pan-zoom/issues' },
23 silly publish   contributors:
23 silly publish    [ { name: 'Andrea Leofreddi', email: 'a.leofreddi@itcharm.com' },
23 silly publish      { name: 'Anders Riutta', email: 'git@andersriutta.com' },
23 silly publish      { name: 'Zeng Xiaohui' },
23 silly publish      { name: 'Barry Coughlan', url: 'https://github.com/bcoughlan' },
23 silly publish      { name: 'Risingson' },
23 silly publish      { name: 'bumbu alex', url: 'http://bumbu.me>' },
23 silly publish      { name: 'Alexander Pico', email: 'apico@gladstone.ucsf.edu' },
23 silly publish      { name: 'Kyran Burraston', url: 'http://kyranburraston.co.uk' },
23 silly publish      { name: 'Risingson', url: 'https://github.com/Risingson' },
23 silly publish      { name: 'Siddhanathan Shanmugam',
23 silly publish        email: 'siddhanathan+social@gmail.com' },
23 silly publish      { name: 'Karina Simard', url: 'https://github.com/ksimard' },
23 silly publish      { name: 'Christopher Clark', email: 'chris.clark@sparkfun.com' },
23 silly publish      { name: 'Vladimir Prus', url: 'http://vladimirprus.com' },
23 silly publish      { name: 'Barry Coughlan', url: 'https://github.com/bcoughlan' },
23 silly publish      { name: 'Ionică Bizău', url: 'http://ionicabizau.net/' },
23 silly publish      { name: 'Ciprian Placintă',
23 silly publish        url: 'https://github.com/CiprianPlacinta' },
23 silly publish      { name: 'Riccardo Santoro', url: 'https://github.com/VeNoMiS' },
23 silly publish      { name: 'César Vidril', url: 'https://github.com/Yimiprod' } ],
23 silly publish   keywords: [ 'svg', 'pan', 'zoom' ],
23 silly publish   devDependencies:
23 silly publish    { browserify: '^8.0.3',
23 silly publish      gulp: '^3.8.10',
23 silly publish      'gulp-concat': '^2.4.3',
23 silly publish      'gulp-config-sync': 'git://github.com/bumbu/gulp-config-sync.git',
23 silly publish      'gulp-header': '^1.2.2',
23 silly publish      'gulp-jscs': '^1.4.0',
23 silly publish      'gulp-jshint': '^1.9.0',
23 silly publish      'gulp-plumber': '^0.6.6',
23 silly publish      'gulp-qunit': '^1.1.0',
23 silly publish      'gulp-rename': '^1.2.0',
23 silly publish      'gulp-uglify': '^1.0.2',
23 silly publish      'gulp-watch': '^3.0.0',
23 silly publish      'vinyl-buffer': '^1.0.0',
23 silly publish      'vinyl-source-stream': '^1.0.0' },
23 silly publish   readme: '![svg-pan-zoom logo](http://ariutta.github.io/svg-pan-zoom/svg-pan-zoom-logo.png)\n\nsvg-pan-zoom library\n==========================\n\nSimple pan/zoom solution for SVGs in HTML. It adds events listeners for mouse scroll, double-click and pan, plus it optionally offers:\n* JavaScript API for control of pan and zoom behavior\n* onPan and onZoom event handlers\n* On-screen zoom controls\n\nIt works cross-browser and supports both inline SVGs and SVGs in HTML `object` or `embed` elements.\n\n> If you\'re looking for version 2.3.x you can find it in [v2.3.x branch](https://github.com/ariutta/svg-pan-zoom/tree/v2.3.x)\n\nSupport\n-------\n\n### Bugs and Issues\n\nIf you found a bug or have a suggestion first check if there is a similar [open](https://github.com/ariutta/svg-pan-zoom/issues) or [closed](https://github.com/ariutta/svg-pan-zoom/issues?q=is%3Aissue+is%3Aclosed) issue. If there are none then create a new one.\n\nWhen opening a new issue **please provide a reproducible example**:\n- Share it so we can get directly to the problem. You can use [this starter jsfiddle setup](http://jsfiddle.net/bumbu/167usffr/) to provide your example. Or upload your own [jsfiddle.net](http://jsfiddle.net) (or any other live) example.\n- Mention your library version (located in library file in header)\n- Mention your browser name, version and operating system\n- Mention any other important for debug details\n\n### Solved Bugs and Implemented Features\n\nIf you solved a bug or implemented a feature that may be useful for others then you\'re welcome to create a pull request.\n\n### Questions, How To\'s, Need Help\n\nIf you have any other type of questions, problems, your code is not working or you want to critique the library - you can use StackOverflow. Just tag your question with [`svgpanzoom`](http://stackoverflow.com/questions/tagged/svgpanzoom).\n\n### Contributions/Pull Requests\n\nBest way to contribute is to create a pull request. In order to create a pull request:\n* Fork this repository\n* Clone repository fork (created in previous step) locally (on your machine)\n* Ensure that you have nodejs and npm installed locally\n* In console:\n  * `cd` into project folder\n  * Run `npm install`\n  * Run `npm install -g gulp` if you don\'t have it already installed globally\n  * Running `gulp` will listen for source files changes (in `src` folder) and will automatically build distribution files\n  * Running `gulp browserify` will compile source files\n  * Running `gulp check` for some syntax errors\n  * Running `gulp test` will run tests\n  * Running `gulp build` will prepare the project for a new release\n* Implement the change using `gulp` or `gulp browserify`\n* After change is done test it with `gulp check` and `gulp test`\n* Commit only meaningful changes. **Do not commit distribution files (`dist` folder)**. Distribution files are built only before a release\n* Push your changes into your fork\n* Create a pull request\n\nDemos\n-----\nPan and zoom the SVG tiger on github pages:\n* [Single Inline SVG](http://ariutta.github.io/svg-pan-zoom/demo/inline.html)\n* [Multiple Inline SVGs](http://ariutta.github.io/svg-pan-zoom/demo/multi-instance.html)\n* [SVG Inserted with `Embed` Element](http://ariutta.github.io/svg-pan-zoom/demo/embed.html)\n* [SVG Inserted with `Object` Element](http://ariutta.github.io/svg-pan-zoom/demo/object.html)\n* [SVG Inserted with `Img` Element](http://ariutta.github.io/svg-pan-zoom/demo/img.html) (These cannot be panned/zoomed.)\n* [SVG With custom controls](http://ariutta.github.io/svg-pan-zoom/demo/custom-controls.html)\n* [Resize SVG container on document resize](http://ariutta.github.io/svg-pan-zoom/demo/resize.html)\n* [Two SVGs with synchronized zooming and panning](http://ariutta.github.io/svg-pan-zoom/demo/sinchronized.html)\n* [Custom events: Touch events support: pan, double tap, pinch](http://ariutta.github.io/svg-pan-zoom/demo/mobile.html)\n* [Custom events: Enable zooming only on click, disable on mouse out](http://ariutta.github.io/svg-pan-zoom/demo/custom-event-handlers.html)\n* [Limit pan](http://ariutta.github.io/svg-pan-zoom/demo/limit-pan.html)\n* [Dynamic SVG load](http://ariutta.github.io/svg-pan-zoom/demo/dynamic-load.html)\n* [Using Require.js](http://ariutta.github.io/svg-pan-zoom/demo/require.html)\n* [Pan animation](http://ariutta.github.io/svg-pan-zoom/demo/simple-animation.html)\n* [Zooming just one SVG layer](http://ariutta.github.io/svg-pan-zoom/demo/layers.html)\n* [Thumbnail Viewer](http://ariutta.github.io/svg-pan-zoom/demo/thumbnailViewer.html)\n\nHow To Use\n----------\n\nReference the [svg-pan-zoom.js file](http://ariutta.github.io/svg-pan-zoom/dist/svg-pan-zoom.min.js) from your HTML document. Then call the init method:\n\n```js\nvar panZoomTiger = svgPanZoom(\'#demo-tiger\');\n// or\nvar svgElement = document.querySelector(\'#demo-tiger\')\nvar panZoomTiger = svgPanZoom(svgElement)\n```\n\nFirst argument to function should be a CSS selector of SVG element or a DOM Element.\n\nIf you want to override the defaults, you can optionally specify one or more arguments:\n\n```js\nsvgPanZoom(\'#demo-tiger\', {\n  viewportSelector: \'.svg-pan-zoom_viewport\'\n, panEnabled: true\n, controlIconsEnabled: false\n, zoomEnabled: true\n, dblClickZoomEnabled: true\n, mouseWheelZoomEnabled: true\n, preventMouseEventsDefault: true\n, zoomScaleSensitivity: 0.2\n, minZoom: 0.5\n, maxZoom: 10\n, fit: true\n, contain: false\n, center: true\n, refreshRate: \'auto\'\n, subpixel: true\n, beforeZoom: function(){}\n, onZoom: function(){}\n, beforePan: function(){}\n, onPan: function(){}\n, customEventsHandler: {}\n, eventsListenerElement: null\n});\n```\n\nIf any arguments are specified, they must have the following value types:\n* \'viewportSelector\' can be querySelector string or SVGElement.\n* \'panEnabled\' must be true or false. Default is true.\n* \'controlIconsEnabled\' must be true or false. Default is false.\n* \'zoomEnabled\' must be true or false. Default is true.\n* \'dblClickZoomEnabled\' must be true or false. Default is true.\n* \'mouseWheelZoomEnabled\' must be true or false. Default is true.\n* \'preventMouseEventsDefault\' must be true or false. Default is true.\n* \'zoomScaleSensitivity\' must be a scalar. Default is 0.2.\n* \'minZoom\' must be a scalar. Default is 0.5.\n* \'maxZoom\' must be a scalar. Default is 10.\n* \'fit\' must be true or false. Default is true.\n* \'contain\' must be true or false. Default is false.\n* \'center\' must be true or false. Default is true.\n* \'refreshRate\' must be a number or \'auto\'\n* \'subpixel\' must be true or false. Default is true.\n* \'beforeZoom\' must be a callback function to be called before zoom changes.\n* \'onZoom\' must be a callback function to be called when zoom changes.\n* \'beforePan\' must be a callback function to be called before pan changes.\n* \'onPan\' must be a callback function to be called when pan changes.\n* \'customEventsHandler\' must be an object with `init` and `destroy` arguments as functions.\n* \'eventsListenerElement\' must be an SVGElement or null.\n\n`beforeZoom` will be called with 2 float attributes: oldZoom and newZoom.\nIf `beforeZoom` will return `false` then zooming will be halted.\n\n`onZoom` callbacks will be called with one float attribute representing new zoom scale.\n\n`beforePan` will be called with 2 attributes:\n* `oldPan`\n* `newPan`\n\nEach of these objects has two attributes (x and y) representing current pan (on X and Y axes).\n\nIf `beforePan` will return `false` or an object `{x: true, y: true}` then panning will be halted.\nIf you want to prevent panning only on one axis then return an object of type `{x: true, y: false}`.\nYou can alter panning on X and Y axes by providing alternative values through return `{x: 10, y: 20}`.\n\n> *Caution!* If you alter panning by returning custom values `{x: 10, y: 20}` it will update only current pan step. If panning is done by mouse/touch you have to take in account that next pan step (after the one that you altered) will be performed with values that do not consider altered values (as they even did not existed).\n\n`onPan` callback will be called with one attribute: `newPan`.\n\n> *Caution!* Calling zoom or pan API methods form inside of `beforeZoom`, `onZoom`, `beforePan` and `onPan` callbacks may lead to infinite loop.\n\n`panEnabled` and `zoomEnabled` are related only to user interaction. If any of this options are disabled - you still can zoom and pan via API.\n\n`fit` takes precedence over `contain`. So if you set `fit: true` then `contain`\'s value doesn\'t matter.\n\nEmbedding remote files\n---------------------\n\nIf you\'re embedding a remote file like this\n```html\n<embed type="image/svg+xml" src="/path/to/my/file.svg" />\n<object type="image/svg+xml" data="/path/to/my/file.svg">Your browser does not support SVG</object>\n```\n\nor you\'re rendering the SVG after the page loads then you\'ll have to call svgPanZoom library after your SVG is loaded.\n\nOne way to do so is by listening to load event:\n```html\n<embed type="image/svg+xml" src="/path/to/my/file.svg" id="my-embed"/>\n\n<script>\ndocument.getElementById(\'my-embed\').addEventListener(\'load\', function(){\n  // Will get called after embed element was loaded\n  svgPanZoom(document.getElementById(\'my-embed\')); \n})\n</script>\n```\n\n\nUsing a custom viewport\n-----------------------\n\nYou may want to use a custom viewport if you have more layers in your SVG but you want to _pan-zoom_ only one of them.\n\nBy default if:\n  * There is just one top-level graphical element of type SVGGElement (`<g>`)\n  * SVGGElement has no `transform` attribute\n  * There is no other SVGGElement with class name `svg-pan-zoom_viewport`\n\nthen the top-level graphical element will be used as viewport.\n\nTo specify which layer (SVGGElement) should be _pan-zoomed_ set the `svg-pan-zoom_viewport` class name to that element:\n`<g class="svg-pan-zoom_viewport"></g>`.\n\n> Do not set any _transform_ attributes to that element. It will make the library misbehave.\n> If you need _transform_ attribute for viewport better create a nested group element and set _transforms_ to that element:\n```html\n<g class="svg-pan-zoom_viewport">\n  <g transform="matrix(1,0,0,1,0,0);"></g>\n</g>\n```\n\nYou can specify your own viewport selector by altering `viewportSelector` config value:\n```js\nsvgPanZoom(\'#demo-tiger\', {\n  viewportSelector: \'.svg-pan-zoom_viewport\'\n});\n// or\nvar viewportGroupElement = document.getElemenById(\'demo-tiger\').querySelector(\'.svg-pan-zoom_viewport\');\nsvgPanZoom(\'#demo-tiger\', {\n  viewportSelector: viewportGroupElement\n});\n```\n\nListening for pan/zoom events on a child SVG element\n----------------------------------------------------\n\nIf you want to listen for user interaction events from a child SVG element then use `eventsListenerElement` option. An example is available in [demo/layers.html](http://ariutta.github.io/svg-pan-zoom/demo/layers.html).\n\nUse with browserify\n-------------------\n\nTo use with browserify, follow these steps:\n* Add the package as node module `npm install --save ariutta/svg-pan-zoom`\n* Require _svg-pan-zoom_ in your source file `svgPanZoom = require(\'svg-pan-zoom\')`\n* Use in the same way as you would do with global svgPanZoom: `instance = svgPanZoom(\'#demo-tiger\')`\n\nUse with Require.js (or other AMD libraries)\n-------------------\n\nAn example of how to load library using Require.js is available in [demo/require.html](http://ariutta.github.io/svg-pan-zoom/demo/require.html)\n\nCustom events support\n---------------------\n\nYou may want to add custom events support (for example double tap or pinch).\n\nIt is possible by setting `customEventsHandler` configuration option.\n`customEventsHandler` should be an object with following attributes:\n* `haltEventListeners`: array of strings\n* `init`: function\n* `destroy`: function\n\n`haltEventListeners` specifies which default event listeners should be disabled (in order to avoid conflicts as svg-pan-zoom by default supports panning using touch events).\n\n`init` is a function that is called when svg-pan-zoom is initialized. An object is passed into this function.\nPassed object has following attributes:\n* `svgElement` - SVGSVGElement\n* `instance` - svg-pan-zoom public API instance\n\n`destroy` is a function called upon svg-pan-zoom destroy\n\nAn example of how to use it together with [Hammer.js](http://hammerjs.github.io):\n```js\nvar options = {\n  zoomEnabled: true\n, controlIconsEnabled: true\n, customEventsHandler: {\n    // Halt all touch events\n    haltEventListeners: [\'touchstart\', \'touchend\', \'touchmove\', \'touchleave\', \'touchcancel\']\n\n    // Init custom events handler\n  , init: function(options) {\n      // Init Hammer\n      this.hammer = Hammer(options.svgElement)\n\n      // Handle double tap\n      this.hammer.on(\'doubletap\', function(ev){\n        options.instance.zoomIn()\n      })\n    }\n\n    // Destroy custom events handler\n  , destroy: function(){\n      this.hammer.destroy()\n    }\n  }\n}\n\nsvgPanZoom(\'#mobile-svg\', options);\n```\n\nYou may find an example that adds support for Hammer.js pan, pinch and doubletap in demo/mobile.html\n\nKeep content visible/Limit pan\n------------------------------\n\nYou may want to keep SVG content visible by not allowing panning over SVG borders.\n\nTo do so you may prevent or alter panning from `beforePan` callback. For more details take a look at `demo/limit-pan.html` example.\n\nPublic API\n----------\n\nWhen you call `svgPanZoom` method it returns an object with following methods:\n* enablePan\n* disablePan\n* isPanEnabled\n* pan\n* panBy\n* getPan\n* setBeforePan\n* setOnPan\n* enableZoom\n* disableZoom\n* isZoomEnabled\n* enableControlIcons\n* disableControlIcons\n* isControlIconsEnabled\n* enableDblClickZoom\n* disableDblClickZoom\n* isDblClickZoomEnabled\n* enableMouseWheelZoom\n* disableMouseWheelZoom\n* isMouseWheelZoomEnabled\n* setZoomScaleSensitivity\n* setMinZoom\n* setMaxZoom\n* setBeforeZoom\n* setOnZoom\n* zoom\n* zoomBy\n* zoomAtPoint\n* zoomAtPointBy\n* zoomIn\n* zoomOut\n* getZoom\n* resetZoom\n* resetPan\n* reset\n* fit\n* contain\n* center\n* updateBBox\n* resize\n* getSizes\n* destroy\n\nTo programmatically pan, call the pan method with vector as first argument:\n\n```js\n// Get instance\nvar panZoomTiger = svgPanZoom(\'#demo-tiger\');\n\n// Pan to rendered point x = 50, y = 50\npanZoomTiger.pan({x: 50, y: 50})\n\n// Pan by x = 50, y = 50 of rendered pixels\npanZoomTiger.panBy({x: 50, y: 50})\n```\n\nTo programmatically zoom, you can use the zoom method to specify your desired scale value:\n\n```js\n// Get instance\nvar panZoomTiger = svgPanZoom(\'#demo-tiger\');\n\n// Set zoom level to 2\npanZoomTiger.zoom(2)\n\n// Zoom by 130%\npanZoomTiger.zoomBy(1.3)\n\n// Set zoom level to 2 at point\npanZoomTiger.zoomAtPoint(2, {x: 50, y: 50})\n\n// Zoom by 130% at given point\npanZoomTiger.zoomAtPointBy(1.3, {x: 50, y: 50})\n```\n\n> Zoom is relative to initial SVG internal zoom level. If your SVG was fit at the beginning (option `fit: true`) and thus zoomed in or out to fit available space - initial scale will be 1 anyway.\n\nOr you can use the zoomIn or zoomOut methods:\n\n```js\n// Get instance\nvar panZoomTiger = svgPanZoom(\'#demo-tiger\');\n\npanZoomTiger.zoomIn()\npanZoomTiger.zoomOut()\npanZoomTiger.resetZoom()\n```\n\nIf you want faster or slower zooming, you can override the default zoom increment with the setZoomScaleSensitivity method.\n\nTo programmatically enable/disable pan or zoom:\n\n```js\n// Get instance\nvar panZoomTiger = svgPanZoom(\'#demo-tiger\');\n\npanZoomTiger.enablePan();\npanZoomTiger.disablePan();\n\npanZoomTiger.enableZoom();\npanZoomTiger.disableZoom();\n```\n\nTo fit and center (you may try `contain` instead of `fit`):\n\n```js\n// Get instance\nvar panZoomTiger = svgPanZoom(\'#demo-tiger\');\n\npanZoomTiger.fit();\npanZoomTiger.center();\n```\n\nIf you want to fit and center your SVG after its container resize:\n\n```js\n// Get instance\nvar panZoomTiger = svgPanZoom(\'#demo-tiger\');\n\npanZoomTiger.resize(); // update SVG cached size and controls positions\npanZoomTiger.fit();\npanZoomTiger.center();\n```\n\nIf you update SVG (viewport) contents so its border box (virtual box that contains all elements) changes, you have to call `updateBBox`:\n\n```js\nvar panZoomTiger = svgPanZoom(\'#demo-tiger\');\npanZoomTiger.fit();\n\n// Update SVG rectangle width\ndocument.getElementById(\'demo-tiger\').querySelector(\'rect\').setAttribute(\'width\', 200)\n\n// fit does not work right anymore as viewport bounding box changed\npanZoomTiger.fit();\n\npanZoomTiger.updateBBox(); // Update viewport bounding box\npanZoomTiger.fit(); // fit works as expected\n```\n\nIf you need more data about SVG you can call `getSizes`. It will return an object that will contain:\n* `width` - SVG cached width\n* `height` - SVG cached height\n* `realZoom` - _a_ and _d_ attributes of transform matrix applied over viewport\n* `viewBox` - an object containing cached sizes of viewport boxder box\n  * `width`\n  * `height`\n  * `x` - x offset\n  * `y` - y offset\n\nDestroy SvgPanZoom instance:\n\n```js\n// Get instance\nvar panZoomTiger = svgPanZoom(\'#demo-tiger\');\n\npanZoomTiger.destroy();\ndelete panZoomTiger;\n```\n\nHow to test\n-----------\n\nBefore committing you should check your code style by running `gulp check`.\n\nIf you made a change then first build the library. Open `./tests/index.html` in your browser. All tests should pass.\n\nIf you have PhantomJS installed then you can run `gulp test`.\n\nSupported Browsers\n------------------\n* Chrome\n* Firefox\n* Safari\n* Opera\n* Internet Explorer 9+ _(works badly if viewBox attribute is set)_\n\nRelated Work\n------------\nThis library used the [SVGPan](https://github.com/aleofreddi/svgpan) library as a starting point. SVGPan is intended for use with the [SVG \'script\' element](http://www.w3.org/TR/SVG/script.html), whereas svg-pan-zoom is intended for use with the [HTML \'script\' element](http://www.w3.org/TR/html401/interact/scripts.html).\n\nWrapper Libraries (feel free to add to this -- pull requests welcome!)\n* [AngularJS 1.x](https://www.npmjs.com/package/angular-svg-pan-zoom)\n* [Meteor](https://github.com/jossoco/meteor-svg-pan-zoom/)\n* [R](https://github.com/timelyportfolio/svgPanZoom)\n* [Ruby](https://rubygems.org/gems/svg_pan_zoom)\n\nLicense\n-------\nThe code from the SVGPan library is licensed under the following BSD license:\n\n```\nCopyright 2009-2010 Andrea Leofreddi <a.leofreddi@itcharm.com>. All rights reserved.\n\nRedistribution and use in source and binary forms, with or without modification, are\npermitted provided that the following conditions are met:\n\n  1. Redistributions of source code must retain the above copyright notice, this list of\n     conditions and the following disclaimer.\n  2. Redistributions in binary form must reproduce the above copyright notice, this list\n     of conditions and the following disclaimer in the documentation and/or other materials\n     provided with the distribution.\n\nTHIS SOFTWARE IS PROVIDED BY Andrea Leofreddi "AS IS" AND ANY EXPRESS OR IMPLIED\nWARRANTIES, INCLUDING, BUT NOT LIMITED TO, THE IMPLIED WARRANTIES OF MERCHANTABILITY AND\nFITNESS FOR A PARTICULAR PURPOSE ARE DISCLAIMED. IN NO EVENT SHALL Andrea Leofreddi OR\nCONTRIBUTORS BE LIABLE FOR ANY DIRECT, INDIRECT, INCIDENTAL, SPECIAL, EXEMPLARY, OR\nCONSEQUENTIAL DAMAGES (INCLUDING, BUT NOT LIMITED TO, PROCUREMENT OF SUBSTITUTE GOODS OR\nSERVICES; LOSS OF USE, DATA, OR PROFITS; OR BUSINESS INTERRUPTION) HOWEVER CAUSED AND ON\nANY THEORY OF LIABILITY, WHETHER IN CONTRACT, STRICT LIABILITY, OR TORT (INCLUDING\nNEGLIGENCE OR OTHERWISE) ARISING IN ANY WAY OUT OF THE USE OF THIS SOFTWARE, EVEN IF\nADVISED OF THE POSSIBILITY OF SUCH DAMAGE.\n\n* The views and conclusions contained in the software and documentation are those of the\nauthors and should not be interpreted as representing official policies, either expressed\nor implied, of Andrea Leofreddi.\n```\n\nThe code from the updates and changes to SVGPan are licensed under the same BSD license, with the copyright for the code from each change held by the author of that code.\n',
23 silly publish   readmeFilename: 'README.md',
23 silly publish   gitHead: 'f8529ee70e92f423d6f88f77e1cda2cb706755ae',
23 silly publish   homepage: 'https://github.com/ariutta/svg-pan-zoom#readme',
23 silly publish   _id: 'svg-pan-zoom@3.4.1-beta.1',
23 silly publish   _shasum: 'e8dce9d12fc1538f77912f324438447495392db3',
23 silly publish   _from: '.' }
24 info lifecycle svg-pan-zoom@3.4.1-beta.1~prepublishOnly: svg-pan-zoom@3.4.1-beta.1
25 silly lifecycle svg-pan-zoom@3.4.1-beta.1~prepublishOnly: no script for prepublishOnly, continuing
26 verbose getPublishConfig undefined
27 silly mapToRegistry name svg-pan-zoom
28 silly mapToRegistry using default registry
29 silly mapToRegistry registry https://registry.npmjs.org/
30 silly mapToRegistry data Result {
30 silly mapToRegistry   raw: 'svg-pan-zoom',
30 silly mapToRegistry   scope: null,
30 silly mapToRegistry   escapedName: 'svg-pan-zoom',
30 silly mapToRegistry   name: 'svg-pan-zoom',
30 silly mapToRegistry   rawSpec: '',
30 silly mapToRegistry   spec: 'latest',
30 silly mapToRegistry   type: 'tag' }
31 silly mapToRegistry uri https://registry.npmjs.org/svg-pan-zoom
32 verbose publish registryBase https://registry.npmjs.org/
33 silly publish uploading /Users/jphelps/.npm/svg-pan-zoom/3.4.1-beta.1/package.tgz
34 verbose request uri https://registry.npmjs.org/svg-pan-zoom
35 verbose request sending authorization for write operation
36 info attempt registry request try #1 at 2:44:01 PM
37 verbose request using bearer token for auth
38 verbose request id 7a6872722c1d7980
39 http request PUT https://registry.npmjs.org/svg-pan-zoom
40 http 403 https://registry.npmjs.org/svg-pan-zoom
41 verbose headers { 'content-type': 'application/json',
41 verbose headers   'cache-control': 'max-age=300',
41 verbose headers   'content-length': '106',
41 verbose headers   'accept-ranges': 'bytes',
41 verbose headers   date: 'Mon, 06 Feb 2017 22:44:02 GMT',
41 verbose headers   via: '1.1 varnish',
41 verbose headers   connection: 'keep-alive',
41 verbose headers   'x-served-by': 'cache-sjc3620-SJC',
41 verbose headers   'x-cache': 'MISS',
41 verbose headers   'x-cache-hits': '0',
41 verbose headers   'x-timer': 'S1486421041.592421,VS0,VE536',
41 verbose headers   vary: 'Accept-Encoding' }
42 verbose request invalidating /Users/jphelps/.npm/registry.npmjs.org/svg-pan-zoom on PUT
43 error publish Failed PUT 403
44 verbose stack Error: you do not have permission to publish "svg-pan-zoom". Are you logged in as the correct user? : svg-pan-zoom
44 verbose stack     at makeError (/Users/jphelps/.nvm/versions/node/v6.3.1/lib/node_modules/npm/node_modules/npm-registry-client/lib/request.js:302:12)
44 verbose stack     at CachingRegistryClient.<anonymous> (/Users/jphelps/.nvm/versions/node/v6.3.1/lib/node_modules/npm/node_modules/npm-registry-client/lib/request.js:290:14)
44 verbose stack     at Request._callback (/Users/jphelps/.nvm/versions/node/v6.3.1/lib/node_modules/npm/node_modules/npm-registry-client/lib/request.js:210:14)
44 verbose stack     at Request.self.callback (/Users/jphelps/.nvm/versions/node/v6.3.1/lib/node_modules/npm/node_modules/request/request.js:186:22)
44 verbose stack     at emitTwo (events.js:106:13)
44 verbose stack     at Request.emit (events.js:191:7)
44 verbose stack     at Request.<anonymous> (/Users/jphelps/.nvm/versions/node/v6.3.1/lib/node_modules/npm/node_modules/request/request.js:1081:10)
44 verbose stack     at emitOne (events.js:96:13)
44 verbose stack     at Request.emit (events.js:188:7)
44 verbose stack     at IncomingMessage.<anonymous> (/Users/jphelps/.nvm/versions/node/v6.3.1/lib/node_modules/npm/node_modules/request/request.js:1001:12)
45 verbose statusCode 403
46 verbose pkgid svg-pan-zoom
47 verbose cwd /Users/jphelps/Projects/jayphelps/svg-pan-zoom
48 error Darwin 15.6.0
49 error argv "/Users/jphelps/.nvm/versions/node/v6.3.1/bin/node" "/Users/jphelps/.nvm/versions/node/v6.3.1/bin/npm" "publish" "--access" "public"
50 error node v6.3.1
51 error npm  v4.0.3
52 error code E403
53 error you do not have permission to publish "svg-pan-zoom". Are you logged in as the correct user? : svg-pan-zoom
54 error If you need help, you may report this error at:
54 error     <https://github.com/npm/npm/issues>
55 verbose exit [ 1, true ]
